2025-02-18 17:37:15,632 - INFO - Starting market analysis workflow...
2025-02-18 17:37:15,632 - INFO - 
Executing scripts/a_collect_sentiment.py...
2025-02-18 17:47:59,484 - INFO - 
Starting sentiment analysis...

Processing ADEN (ADENTRA Inc.)...
No news found for ADEN

Processing AAV (Advantage Energy Ltd.)...
No news found for AAV

Processing GOOGL (Alphabet Inc.)...

Processing AMZN (Amazon.com Inc.)...

Processing AMTM (Amentum Holdings Inc.)...

Processing ARCO (Arcos Dorados Holdings Inc.)...

Processing ASTH (Astrana Health Inc.)...

Processing AXON (Axon Enterprise Inc.)...

Processing BDGI (Badger Infrastructure Solutions Ltd.)...
No news found for BDGI

Processing BILL (BILL Holdings Inc.)...

Processing BIIB (Biogen Inc.)...

Processing BRZE (Braze Inc.)...

Processing BRNG (WisdomTree Brent Oil)...
No news found for BRNG

Processing AVGO (Broadcom Inc.)...

Processing CLDX (Celldex Therapeutics Inc.)...

Processing CVE (Cenovus Energy Ltd.)...

Processing CG (Centerra Gold Inc.)...

Processing CHMI (Cherry Hill Mortgage Investment Corporation)...

Processing CIVI (Civitas Resources Inc.)...

Processing CMPS (COMPASS Pathways plc)...

Processing STZ (Constellation Brands Inc.)...

Processing COUR (Coursera Inc.)...

Processing CURA (Curaleaf Holdings Inc.)...
No news found for CURA

Processing DHR (Danaher Corporation)...

Processing DDOG (Datadog Inc.)...

Processing DVN (Devon Energy Corporation)...

Processing DXCM (DexCom Inc.)...

Processing DIRUN (Dream Industrial Real Estate Investment Trust)...
No news found for DIRUN

Processing EVH (Evolent Health Inc.)...

Processing EIF (Exchange Income Corporation)...
No news found for EIF

Processing FSLR (First Solar Inc.)...

Processing G (Assicurazioni Generali S.p.A.)...

Processing HAL (Halliburton Company)...

Processing HQY (HealthEquity Inc.)...

Processing HBM (Hudbay Minerals Inc.)...

Processing IDYA (IDEAYA Biosciences Inc.)...

Processing IMCR (Immunocore Holdings plc)...
No news found for IMCR

Processing IMVT (Immunovant Inc.)...

Processing INSW (International Seaways Inc.)...

Processing EMV (iShares MSCI EM Min Volatility ETF)...
No news found for EMV

Processing AGED (iShares Ageing Population ETF)...
No news found for AGED

Processing IWDA (iShares Core MSCI World ETF)...
No news found for IWDA

Processing KNT (K92 Mining Inc.)...
No news found for KNT

Processing LW (Lamb Weston Holdings Inc.)...

Processing LVO (LiveOne Inc.)...

Processing LKQ (LKQ Corporation)...

Processing MRVL (Marvell Technology Inc.)...

Processing MA (Mastercard Incorporated)...

Processing META (Meta Platforms Inc.)...

Processing MU (Micron Technology Inc.)...

Processing MSFT (Microsoft Corporation)...

Processing MDXG (MiMedx Group Inc.)...

Processing MNMD (Mind Medicine (MindMed) Inc.)...

Processing MDLZ (Mondelez International Inc.)...

Processing NVDA (NVIDIA Corporation)...

Processing OGC (OceanaGold Corporation)...
No news found for OGC

Processing PACS (PACS Group Inc.)...

Processing PFGC (Performance Food Group Company)...

Processing PRU (Prudential Financial Inc.)...

Processing RNO (Renault SA)...
No news found for RNO

Processing RLX (RLX Technology Inc.)...
No news found for RLX

Processing RCKT (Rocket Pharmaceuticals Inc.)...

Processing RCIB (Rogers Communications Inc.)...
No news found for RCIB

Processing RCI (Rogers Communications Inc.)...

Processing CRM (Salesforce Inc.)...

Processing SHOP (Shopify Inc.)...

Processing SLP (Simulations Plus Inc.)...

Processing SLB (Schlumberger Limited)...

Processing GPCR (Structure Therapeutics Inc.)...

Processing SMCI (Super Micro Computer Inc.)...

Processing SPB (Superior Plus Corp.)...

Processing SNDX (Syndax Pharmaceuticals Inc.)...

Processing TNC (Tennant Company)...

Processing TX (Ternium S.A.)...

Processing TSLA (Tesla Inc.)...

Processing TCOM (Trip.com Group Limited)...

Processing TSU (Trisura Group Ltd.)...
No news found for TSU

Processing TRVG (trivago N.V.)...

Processing TWLO (Twilio Inc.)...

Processing UBER (Uber Technologies Inc.)...

Processing UAL (United Airlines Holdings Inc.)...

Processing UPWK (Upwork Inc.)...

Processing UTZ (Utz Brands Inc.)...

Processing WELL (WELL Health Technologies Corp.)...

Processing WCP (Whitecap Resources Inc.)...
No news found for WCP

Processing XPO (XPO Inc.)...

Sentiment Analysis Summary:
Total articles processed: 2841
Companies analyzed: 68

Results saved to:
- Detailed results: results/sentiment_detailed_20250218_173723.csv
- Summary results: results/sentiment_summary_20250218_173723.csv
- Archive directory: results/archive/sentiment
- Historical database: database

Sentiment analysis complete!

2025-02-18 17:47:59,488 - ERROR - Device set to use mps:0
2025-02-18 17:47:57,054 - INFO - Saved sentiment data for 20250218
2025-02-18 17:47:57,058 - INFO - - Detailed data: database/sentiment/detailed/sentiment_detailed_20250218.csv
2025-02-18 17:47:57,059 - INFO - - Summary data: database/sentiment/summary/sentiment_summary_20250218.csv

2025-02-18 17:47:59,488 - INFO - Completed scripts/a_collect_sentiment.py in 643.9 seconds
2025-02-18 17:48:00,493 - INFO - 
Executing scripts/b_collect_market.py...
2025-02-18 17:48:29,587 - INFO - 
Starting market data collection...

Market data collection complete!

2025-02-18 17:48:29,588 - ERROR - 2025-02-18 17:48:02,810 - ERROR - $AAV: possibly delisted; no price data found  (period=5d)
2025-02-18 17:48:02,846 - ERROR - $ADEN: possibly delisted; no price data found  (period=5d)
2025-02-18 17:48:04,548 - ERROR - 404 Client Error: Not Found for url: https://query2.finance.yahoo.com/v10/finance/quoteSummary/BDGI?modules=financialData%2CquoteType%2CdefaultKeyStatistics%2CassetProfile%2CsummaryDetail&corsDomain=finance.yahoo.com&formatted=false&symbol=BDGI&crumb=lfLIFY5Kfud
2025-02-18 17:48:06,208 - ERROR - 404 Client Error: Not Found for url: https://query2.finance.yahoo.com/v10/finance/quoteSummary/BRNG?modules=financialData%2CquoteType%2CdefaultKeyStatistics%2CassetProfile%2CsummaryDetail&corsDomain=finance.yahoo.com&formatted=false&symbol=BRNG&crumb=lfLIFY5Kfud
2025-02-18 17:48:07,430 - ERROR - $BDGI: possibly delisted; no price data found  (period=5d) (Yahoo error = "No data found, symbol may be delisted")
2025-02-18 17:48:09,515 - ERROR - $BRNG: possibly delisted; no price data found  (period=5d) (Yahoo error = "No data found, symbol may be delisted")
2025-02-18 17:48:09,782 - ERROR - $CURA: possibly delisted; no price data found  (period=5d)
2025-02-18 17:48:10,973 - ERROR - 404 Client Error: Not Found for url: https://query2.finance.yahoo.com/v10/finance/quoteSummary/DIRUN?modules=financialData%2CquoteType%2CdefaultKeyStatistics%2CassetProfile%2CsummaryDetail&corsDomain=finance.yahoo.com&formatted=false&symbol=DIRUN&crumb=lfLIFY5Kfud
2025-02-18 17:48:11,061 - ERROR - $EIF: possibly delisted; no price data found  (period=5d)
2025-02-18 17:48:13,441 - ERROR - $DIRUN: possibly delisted; no price data found  (period=5d) (Yahoo error = "No data found, symbol may be delisted")
2025-02-18 17:48:14,732 - ERROR - 404 Client Error: Not Found for url: https://query2.finance.yahoo.com/v10/finance/quoteSummary/AGED?modules=financialData%2CquoteType%2CdefaultKeyStatistics%2CassetProfile%2CsummaryDetail&corsDomain=finance.yahoo.com&formatted=false&symbol=AGED&crumb=lfLIFY5Kfud
2025-02-18 17:48:14,759 - ERROR - $EMV: possibly delisted; no price data found  (period=5d)
2025-02-18 17:48:15,899 - ERROR - 404 Client Error: Not Found for url: https://query2.finance.yahoo.com/v10/finance/quoteSummary/IWDA?modules=financialData%2CquoteType%2CdefaultKeyStatistics%2CassetProfile%2CsummaryDetail&corsDomain=finance.yahoo.com&formatted=false&symbol=IWDA&crumb=lfLIFY5Kfud
2025-02-18 17:48:16,321 - ERROR - $KNT: possibly delisted; no price data found  (period=5d)
2025-02-18 17:48:18,946 - ERROR - $AGED: possibly delisted; no price data found  (period=5d) (Yahoo error = "No data found, symbol may be delisted")
2025-02-18 17:48:20,388 - ERROR - $IWDA: possibly delisted; no price data found  (period=5d) (Yahoo error = "No data found, symbol may be delisted")
2025-02-18 17:48:21,188 - ERROR - $RNO: possibly delisted; no price data found  (period=5d)
2025-02-18 17:48:22,556 - ERROR - 404 Client Error: Not Found for url: https://query2.finance.yahoo.com/v10/finance/quoteSummary/RCIB?modules=financialData%2CquoteType%2CdefaultKeyStatistics%2CassetProfile%2CsummaryDetail&corsDomain=finance.yahoo.com&formatted=false&symbol=RCIB&crumb=lfLIFY5Kfud
2025-02-18 17:48:25,064 - ERROR - $RCIB: possibly delisted; no price data found  (period=5d) (Yahoo error = "No data found, symbol may be delisted")
2025-02-18 17:48:28,461 - ERROR - $TSU: possibly delisted; no price data found  (period=5d) (Yahoo error = "No data found, symbol may be delisted")
2025-02-18 17:48:28,773 - ERROR - $WCP: possibly delisted; no price data found  (period=5d)
2025-02-18 17:48:28,882 - INFO - 
Market Data Summary:
2025-02-18 17:48:28,883 - INFO - Total companies: 86
2025-02-18 17:48:28,883 - INFO - Companies with analyst data: 70
2025-02-18 17:48:28,884 - INFO - Companies without data: 16
2025-02-18 17:48:28,884 - INFO - 
Market Statistics (for companies with data):
2025-02-18 17:48:28,886 - INFO - Average target return: 47.98%
2025-02-18 17:48:28,888 - INFO - Return range: -24.71% to 256.49%
2025-02-18 17:48:28,888 - INFO - Average analyst count: 20.6
2025-02-18 17:48:28,889 - INFO - Average 1-week return: 1.42%
2025-02-18 17:48:28,890 - INFO - 
Results saved to: results/market_data_20250218_174801.csv
2025-02-18 17:48:28,890 - INFO - Archive directory: results/archive/market

2025-02-18 17:48:29,588 - INFO - Completed scripts/b_collect_market.py in 29.1 seconds
2025-02-18 17:48:30,596 - INFO - 
Executing scripts/c_bayesian_model.py...
2025-02-18 17:48:33,338 - ERROR - Traceback (most recent call last):
  File "/Users/davideconsiglio/Library/Mobile Documents/com~apple~CloudDocs/Portfolio tracker/sentiment_analysis/venv/lib/python3.13/site-packages/aesara/configparser.py", line 237, in fetch_val_for_key
    return self._aesara_cfg.get(section, option)
           ~~~~~~~~~~~~~~~~~~~~^^^^^^^^^^^^^^^^^
  File "/opt/homebrew/Cellar/python@3.13/3.13.2/Frameworks/Python.framework/Versions/3.13/lib/python3.13/configparser.py", line 810, in get
    d = self._unify_values(section, vars)
  File "/opt/homebrew/Cellar/python@3.13/3.13.2/Frameworks/Python.framework/Versions/3.13/lib/python3.13/configparser.py", line 1184, in _unify_values
    raise NoSectionError(section) from None
configparser.NoSectionError: No section: 'blas'

During handling of the above exception, another exception occurred:

Traceback (most recent call last):
  File "/Users/davideconsiglio/Library/Mobile Documents/com~apple~CloudDocs/Portfolio tracker/sentiment_analysis/venv/lib/python3.13/site-packages/aesara/configparser.py", line 353, in __get__
    val_str = cls.fetch_val_for_key(self.name, delete_key=delete_key)
  File "/Users/davideconsiglio/Library/Mobile Documents/com~apple~CloudDocs/Portfolio tracker/sentiment_analysis/venv/lib/python3.13/site-packages/aesara/configparser.py", line 241, in fetch_val_for_key
    raise KeyError(key)
KeyError: 'blas__ldflags'

During handling of the above exception, another exception occurred:

Traceback (most recent call last):
  File "/Users/davideconsiglio/Library/Mobile Documents/com~apple~CloudDocs/Portfolio tracker/sentiment_analysis/scripts/c_bayesian_model.py", line 17, in <module>
    import pymc as pm
  File "/Users/davideconsiglio/Library/Mobile Documents/com~apple~CloudDocs/Portfolio tracker/sentiment_analysis/venv/lib/python3.13/site-packages/pymc/__init__.py", line 47, in <module>
    __set_compiler_flags()
    ~~~~~~~~~~~~~~~~~~~~^^
  File "/Users/davideconsiglio/Library/Mobile Documents/com~apple~CloudDocs/Portfolio tracker/sentiment_analysis/venv/lib/python3.13/site-packages/pymc/__init__.py", line 30, in __set_compiler_flags
    import aesara
  File "/Users/davideconsiglio/Library/Mobile Documents/com~apple~CloudDocs/Portfolio tracker/sentiment_analysis/venv/lib/python3.13/site-packages/aesara/__init__.py", line 120, in <module>
    from aesara import scalar, tensor
  File "/Users/davideconsiglio/Library/Mobile Documents/com~apple~CloudDocs/Portfolio tracker/sentiment_analysis/venv/lib/python3.13/site-packages/aesara/tensor/__init__.py", line 105, in <module>
    from aesara.tensor import (  # noqa
    ...<5 lines>...
    )
  File "/Users/davideconsiglio/Library/Mobile Documents/com~apple~CloudDocs/Portfolio tracker/sentiment_analysis/venv/lib/python3.13/site-packages/aesara/tensor/blas.py", line 162, in <module>
    from aesara.tensor.blas_headers import blas_header_text, blas_header_version
  File "/Users/davideconsiglio/Library/Mobile Documents/com~apple~CloudDocs/Portfolio tracker/sentiment_analysis/venv/lib/python3.13/site-packages/aesara/tensor/blas_headers.py", line 1015, in <module>
    if not config.blas__ldflags:
           ^^^^^^^^^^^^^^^^^^^^
  File "/Users/davideconsiglio/Library/Mobile Documents/com~apple~CloudDocs/Portfolio tracker/sentiment_analysis/venv/lib/python3.13/site-packages/aesara/configparser.py", line 357, in __get__
    val_str = self.default()
  File "/Users/davideconsiglio/Library/Mobile Documents/com~apple~CloudDocs/Portfolio tracker/sentiment_analysis/venv/lib/python3.13/site-packages/aesara/link/c/cmodule.py", line 2711, in default_blas_ldflags
    blas_info = np.__config__.get_info("blas_opt")
                ^^^^^^^^^^^^^^^^^^^^^^
AttributeError: module 'numpy.__config__' has no attribute 'get_info'

2025-02-18 17:48:33,338 - INFO - Completed scripts/c_bayesian_model.py in 2.7 seconds
2025-02-18 17:48:34,344 - INFO - 
Executing scripts/d_consolidate_data.py...
2025-02-18 17:48:34,942 - INFO - 
Starting data consolidation...

Data consolidation complete!

2025-02-18 17:48:34,943 - ERROR - 2025-02-18 17:48:34,729 - INFO - 
Data Consolidation Summary:
2025-02-18 17:48:34,730 - INFO - Total companies: 86
2025-02-18 17:48:34,730 - INFO - Companies with complete data: 68
2025-02-18 17:48:34,730 - INFO - 
Results saved to: results/master_output_20250218_174834.csv
2025-02-18 17:48:34,730 - INFO - Archive directory: results/archive/master

2025-02-18 17:48:34,944 - INFO - Completed scripts/d_consolidate_data.py in 0.6 seconds
2025-02-18 17:48:35,946 - INFO - 
Executing scripts/e_generate_dashboard.py...
2025-02-18 17:48:38,131 - INFO - 
Starting dashboard generation...

Dashboard generation complete!

2025-02-18 17:48:38,131 - ERROR - /Users/davideconsiglio/Library/Mobile Documents/com~apple~CloudDocs/Portfolio tracker/sentiment_analysis/scripts/e_generate_dashboard.py:347: SyntaxWarning: invalid escape sequence '\.'
  html_template += """
2025-02-18 17:48:37,058 - INFO - Loaded master data with 86 rows
2025-02-18 17:48:37,058 - INFO - Columns: ticker, company, date_range, total_articles, average_sentiment, sentiment_std, last_week_sentiment, last_month_sentiment, positive_ratio, negative_ratio, latest_update, current_price, target_median, target_mean, target_low, target_high, num_analysts, recommendation, week_return, volume, avg_volume, market_cap, beta, timestamp, potential_return, data_version
2025-02-18 17:48:37,216 - INFO - 
Dashboard generated and opened: results/market_report_20250218_174837.html
2025-02-18 17:48:37,216 - INFO - Archive directory: results/archive/reports

2025-02-18 17:48:38,131 - INFO - Completed scripts/e_generate_dashboard.py in 2.2 seconds
2025-02-18 17:48:39,138 - INFO - 
=== Workflow Summary ===
2025-02-18 17:48:39,139 - INFO - 
Execution Results:
2025-02-18 17:48:39,149 - INFO - +-------------------------+----------+------------+
| Module                  | Status   | Duration   |
+=========================+==========+============+
| a_collect_sentiment.py  | ✓        | 643.9s     |
+-------------------------+----------+------------+
| b_collect_market.py     | ✓        | 29.1s      |
+-------------------------+----------+------------+
| c_bayesian_model.py     | ✗        | 2.7s       |
+-------------------------+----------+------------+
| d_consolidate_data.py   | ✓        | 0.6s       |
+-------------------------+----------+------------+
| e_generate_dashboard.py | ✓        | 2.2s       |
+-------------------------+----------+------------+
| Total                   |          | 683.5s     |
+-------------------------+----------+------------+
