2025-02-18 10:34:42,590 - INFO - Starting market analysis workflow...
2025-02-18 10:34:42,590 - INFO - 
Executing scripts/a_collect_sentiment.py...
2025-02-18 10:43:38,485 - INFO - 
Starting sentiment analysis...

Processing ADEN (ADENTRA Inc.)...
No news found for ADEN

Processing AAV (Advantage Energy Ltd.)...
No news found for AAV

Processing GOOGL (Alphabet Inc.)...

Processing AMZN (Amazon.com Inc.)...

Processing AMTM (Amentum Holdings Inc.)...

Processing ARCO (Arcos Dorados Holdings Inc.)...

Processing ASTH (Astrana Health Inc.)...

Processing AXON (Axon Enterprise Inc.)...

Processing BDGI (Badger Infrastructure Solutions Ltd.)...
No news found for BDGI

Processing BILL (BILL Holdings Inc.)...

Processing BIIB (Biogen Inc.)...

Processing BRZE (Braze Inc.)...

Processing BRNG (WisdomTree Brent Oil)...
No news found for BRNG

Processing AVGO (Broadcom Inc.)...

Processing CLDX (Celldex Therapeutics Inc.)...

Processing CVE (Cenovus Energy Ltd.)...

Processing CG (Centerra Gold Inc.)...

Processing CHMI (Cherry Hill Mortgage Investment Corporation)...

Processing CIVI (Civitas Resources Inc.)...

Processing CMPS (COMPASS Pathways plc)...

Processing STZ (Constellation Brands Inc.)...

Processing COUR (Coursera Inc.)...

Processing CURA (Curaleaf Holdings Inc.)...
No news found for CURA

Processing DHR (Danaher Corporation)...

Processing DDOG (Datadog Inc.)...

Processing DVN (Devon Energy Corporation)...

Processing DXCM (DexCom Inc.)...

Processing DIRUN (Dream Industrial Real Estate Investment Trust)...
No news found for DIRUN

Processing EVH (Evolent Health Inc.)...

Processing EIF (Exchange Income Corporation)...
No news found for EIF

Processing FSLR (First Solar Inc.)...

Processing G (Assicurazioni Generali S.p.A.)...

Processing HAL (Halliburton Company)...

Processing HQY (HealthEquity Inc.)...

Processing HBM (Hudbay Minerals Inc.)...

Processing IDYA (IDEAYA Biosciences Inc.)...

Processing IMCR (Immunocore Holdings plc)...
No news found for IMCR

Processing IMVT (Immunovant Inc.)...

Processing INSW (International Seaways Inc.)...

Processing EMV (iShares MSCI EM Min Volatility ETF)...
No news found for EMV

Processing AGED (iShares Ageing Population ETF)...
No news found for AGED

Processing IWDA (iShares Core MSCI World ETF)...
No news found for IWDA

Processing KNT (K92 Mining Inc.)...
No news found for KNT

Processing LW (Lamb Weston Holdings Inc.)...

Processing LVO (LiveOne Inc.)...

Processing LKQ (LKQ Corporation)...

Processing MRVL (Marvell Technology Inc.)...

Processing MA (Mastercard Incorporated)...

Processing META (Meta Platforms Inc.)...

Processing MU (Micron Technology Inc.)...
Error getting news for MU: HTTPSConnectionPool(host='api.finnhub.io', port=443): Read timed out. (read timeout=10)
No news found for MU

Processing MSFT (Microsoft Corporation)...

Processing MDXG (MiMedx Group Inc.)...

Processing MNMD (Mind Medicine (MindMed) Inc.)...

Processing MDLZ (Mondelez International Inc.)...

Processing NVDA (NVIDIA Corporation)...

Processing OGC (OceanaGold Corporation)...
No news found for OGC

Processing PACS (PACS Group Inc.)...

Processing PFGC (Performance Food Group Company)...

Processing PRU (Prudential Financial Inc.)...

Processing RNO (Renault SA)...
No news found for RNO

Processing RLX (RLX Technology Inc.)...
No news found for RLX

Processing RCKT (Rocket Pharmaceuticals Inc.)...

Processing RCIB (Rogers Communications Inc.)...
No news found for RCIB

Processing RCI (Rogers Communications Inc.)...

Processing CRM (Salesforce Inc.)...

Processing SHOP (Shopify Inc.)...

Processing SLP (Simulations Plus Inc.)...

Processing SLB (Schlumberger Limited)...

Processing GPCR (Structure Therapeutics Inc.)...
Error getting news for GPCR: HTTPSConnectionPool(host='api.finnhub.io', port=443): Read timed out. (read timeout=10)
No news found for GPCR

Processing SMCI (Super Micro Computer Inc.)...
Error getting news for SMCI: HTTPSConnectionPool(host='api.finnhub.io', port=443): Max retries exceeded with url: /api/v1//company-news?token=cu0qch9r01qjiermd96gcu0qch9r01qjiermd970&symbol=SMCI&from=2025-01-19&to=2025-02-18 (Caused by NameResolutionError("<urllib3.connection.HTTPSConnection object at 0x13949e0d0>: Failed to resolve 'api.finnhub.io' ([Errno 8] nodename nor servname provided, or not known)"))
No news found for SMCI

Processing SPB (Superior Plus Corp.)...
Error getting news for SPB: HTTPSConnectionPool(host='api.finnhub.io', port=443): Max retries exceeded with url: /api/v1//company-news?token=cu0qch9r01qjiermd96gcu0qch9r01qjiermd970&symbol=SPB&from=2025-01-19&to=2025-02-18 (Caused by NameResolutionError("<urllib3.connection.HTTPSConnection object at 0x13949e710>: Failed to resolve 'api.finnhub.io' ([Errno 8] nodename nor servname provided, or not known)"))
No news found for SPB

Processing SNDX (Syndax Pharmaceuticals Inc.)...
Error getting news for SNDX: HTTPSConnectionPool(host='api.finnhub.io', port=443): Max retries exceeded with url: /api/v1//company-news?token=cu0qch9r01qjiermd96gcu0qch9r01qjiermd970&symbol=SNDX&from=2025-01-19&to=2025-02-18 (Caused by NameResolutionError("<urllib3.connection.HTTPSConnection object at 0x13949ead0>: Failed to resolve 'api.finnhub.io' ([Errno 8] nodename nor servname provided, or not known)"))
No news found for SNDX

Processing TNC (Tennant Company)...
Error getting news for TNC: HTTPSConnectionPool(host='api.finnhub.io', port=443): Max retries exceeded with url: /api/v1//company-news?token=cu0qch9r01qjiermd96gcu0qch9r01qjiermd970&symbol=TNC&from=2025-01-19&to=2025-02-18 (Caused by NameResolutionError("<urllib3.connection.HTTPSConnection object at 0x13949ee90>: Failed to resolve 'api.finnhub.io' ([Errno 8] nodename nor servname provided, or not known)"))
No news found for TNC

Processing TX (Ternium S.A.)...
Error getting news for TX: HTTPSConnectionPool(host='api.finnhub.io', port=443): Max retries exceeded with url: /api/v1//company-news?token=cu0qch9r01qjiermd96gcu0qch9r01qjiermd970&symbol=TX&from=2025-01-19&to=2025-02-18 (Caused by NameResolutionError("<urllib3.connection.HTTPSConnection object at 0x13949f250>: Failed to resolve 'api.finnhub.io' ([Errno 8] nodename nor servname provided, or not known)"))
No news found for TX

Processing TSLA (Tesla Inc.)...
Error getting news for TSLA: HTTPSConnectionPool(host='api.finnhub.io', port=443): Max retries exceeded with url: /api/v1//company-news?token=cu0qch9r01qjiermd96gcu0qch9r01qjiermd970&symbol=TSLA&from=2025-01-19&to=2025-02-18 (Caused by NameResolutionError("<urllib3.connection.HTTPSConnection object at 0x13949f610>: Failed to resolve 'api.finnhub.io' ([Errno 8] nodename nor servname provided, or not known)"))
No news found for TSLA

Processing TCOM (Trip.com Group Limited)...
Error getting news for TCOM: HTTPSConnectionPool(host='api.finnhub.io', port=443): Max retries exceeded with url: /api/v1//company-news?token=cu0qch9r01qjiermd96gcu0qch9r01qjiermd970&symbol=TCOM&from=2025-01-19&to=2025-02-18 (Caused by NameResolutionError("<urllib3.connection.HTTPSConnection object at 0x13949f9d0>: Failed to resolve 'api.finnhub.io' ([Errno 8] nodename nor servname provided, or not known)"))
No news found for TCOM

Processing TSU (Trisura Group Ltd.)...
Error getting news for TSU: HTTPSConnectionPool(host='api.finnhub.io', port=443): Max retries exceeded with url: /api/v1//company-news?token=cu0qch9r01qjiermd96gcu0qch9r01qjiermd970&symbol=TSU&from=2025-01-19&to=2025-02-18 (Caused by NameResolutionError("<urllib3.connection.HTTPSConnection object at 0x13949fd90>: Failed to resolve 'api.finnhub.io' ([Errno 8] nodename nor servname provided, or not known)"))
No news found for TSU

Processing TRVG (trivago N.V.)...
Error getting news for TRVG: HTTPSConnectionPool(host='api.finnhub.io', port=443): Max retries exceeded with url: /api/v1//company-news?token=cu0qch9r01qjiermd96gcu0qch9r01qjiermd970&symbol=TRVG&from=2025-01-19&to=2025-02-18 (Caused by NameResolutionError("<urllib3.connection.HTTPSConnection object at 0x13dcd4190>: Failed to resolve 'api.finnhub.io' ([Errno 8] nodename nor servname provided, or not known)"))
No news found for TRVG

Processing TWLO (Twilio Inc.)...
Error getting news for TWLO: HTTPSConnectionPool(host='api.finnhub.io', port=443): Max retries exceeded with url: /api/v1//company-news?token=cu0qch9r01qjiermd96gcu0qch9r01qjiermd970&symbol=TWLO&from=2025-01-19&to=2025-02-18 (Caused by NameResolutionError("<urllib3.connection.HTTPSConnection object at 0x13dcd4550>: Failed to resolve 'api.finnhub.io' ([Errno 8] nodename nor servname provided, or not known)"))
No news found for TWLO

Processing UBER (Uber Technologies Inc.)...
Error getting news for UBER: HTTPSConnectionPool(host='api.finnhub.io', port=443): Max retries exceeded with url: /api/v1//company-news?token=cu0qch9r01qjiermd96gcu0qch9r01qjiermd970&symbol=UBER&from=2025-01-19&to=2025-02-18 (Caused by NameResolutionError("<urllib3.connection.HTTPSConnection object at 0x13dcd4910>: Failed to resolve 'api.finnhub.io' ([Errno 8] nodename nor servname provided, or not known)"))
No news found for UBER

Processing UAL (United Airlines Holdings Inc.)...
Error getting news for UAL: HTTPSConnectionPool(host='api.finnhub.io', port=443): Max retries exceeded with url: /api/v1//company-news?token=cu0qch9r01qjiermd96gcu0qch9r01qjiermd970&symbol=UAL&from=2025-01-19&to=2025-02-18 (Caused by NameResolutionError("<urllib3.connection.HTTPSConnection object at 0x13dcd4cd0>: Failed to resolve 'api.finnhub.io' ([Errno 8] nodename nor servname provided, or not known)"))
No news found for UAL

Processing UPWK (Upwork Inc.)...
Error getting news for UPWK: HTTPSConnectionPool(host='api.finnhub.io', port=443): Max retries exceeded with url: /api/v1//company-news?token=cu0qch9r01qjiermd96gcu0qch9r01qjiermd970&symbol=UPWK&from=2025-01-19&to=2025-02-18 (Caused by NameResolutionError("<urllib3.connection.HTTPSConnection object at 0x13dcd5090>: Failed to resolve 'api.finnhub.io' ([Errno 8] nodename nor servname provided, or not known)"))
No news found for UPWK

Processing UTZ (Utz Brands Inc.)...
Error getting news for UTZ: HTTPSConnectionPool(host='api.finnhub.io', port=443): Max retries exceeded with url: /api/v1//company-news?token=cu0qch9r01qjiermd96gcu0qch9r01qjiermd970&symbol=UTZ&from=2025-01-19&to=2025-02-18 (Caused by NameResolutionError("<urllib3.connection.HTTPSConnection object at 0x13dcd5450>: Failed to resolve 'api.finnhub.io' ([Errno 8] nodename nor servname provided, or not known)"))
No news found for UTZ

Processing WELL (WELL Health Technologies Corp.)...
Error getting news for WELL: HTTPSConnectionPool(host='api.finnhub.io', port=443): Max retries exceeded with url: /api/v1//company-news?token=cu0qch9r01qjiermd96gcu0qch9r01qjiermd970&symbol=WELL&from=2025-01-19&to=2025-02-18 (Caused by NameResolutionError("<urllib3.connection.HTTPSConnection object at 0x13dcd5810>: Failed to resolve 'api.finnhub.io' ([Errno 8] nodename nor servname provided, or not known)"))
No news found for WELL

Processing WCP (Whitecap Resources Inc.)...
Error getting news for WCP: HTTPSConnectionPool(host='api.finnhub.io', port=443): Max retries exceeded with url: /api/v1//company-news?token=cu0qch9r01qjiermd96gcu0qch9r01qjiermd970&symbol=WCP&from=2025-01-19&to=2025-02-18 (Caused by NameResolutionError("<urllib3.connection.HTTPSConnection object at 0x13dcd5d10>: Failed to resolve 'api.finnhub.io' ([Errno 8] nodename nor servname provided, or not known)"))
No news found for WCP

Processing XPO (XPO Inc.)...
Error getting news for XPO: HTTPSConnectionPool(host='api.finnhub.io', port=443): Max retries exceeded with url: /api/v1//company-news?token=cu0qch9r01qjiermd96gcu0qch9r01qjiermd970&symbol=XPO&from=2025-01-19&to=2025-02-18 (Caused by NameResolutionError("<urllib3.connection.HTTPSConnection object at 0x13dcd5bd0>: Failed to resolve 'api.finnhub.io' ([Errno 8] nodename nor servname provided, or not known)"))
No news found for XPO

Sentiment Analysis Summary:
Total articles processed: 2127
Companies analyzed: 51

Results saved to:
- Detailed results: results/sentiment_detailed_20250218_103448.csv
- Summary results: results/sentiment_summary_20250218_103448.csv
- Archive directory: results/archive/sentiment
- Historical database: database

Sentiment analysis complete!

2025-02-18 10:43:38,486 - ERROR - Device set to use mps:0
2025-02-18 10:43:37,079 - INFO - Saved sentiment data for 20250218
2025-02-18 10:43:37,079 - INFO - - Detailed data: database/sentiment/detailed/sentiment_detailed_20250218.csv
2025-02-18 10:43:37,079 - INFO - - Summary data: database/sentiment/summary/sentiment_summary_20250218.csv

2025-02-18 10:43:38,486 - INFO - Completed scripts/a_collect_sentiment.py in 535.9 seconds
2025-02-18 10:43:39,486 - INFO - 
Executing scripts/b_collect_market.py...
2025-02-18 10:43:41,495 - INFO - 
Starting market data collection...

Market data collection complete!

2025-02-18 10:43:41,496 - ERROR - 2025-02-18 10:43:41,207 - WARNING - Could not fetch data for ADEN: HTTPSConnectionPool(host='query1.finance.yahoo.com', port=443): Max retries exceeded with url: /v1/test/getcrumb (Caused by NameResolutionError("<urllib3.connection.HTTPSConnection object at 0x1099f5be0>: Failed to resolve 'query1.finance.yahoo.com' ([Errno 8] nodename nor servname provided, or not known)"))
2025-02-18 10:43:41,215 - WARNING - Could not fetch data for AAV: HTTPSConnectionPool(host='query1.finance.yahoo.com', port=443): Max retries exceeded with url: /v1/test/getcrumb (Caused by NameResolutionError("<urllib3.connection.HTTPSConnection object at 0x109a20f50>: Failed to resolve 'query1.finance.yahoo.com' ([Errno 8] nodename nor servname provided, or not known)"))
2025-02-18 10:43:41,224 - WARNING - Could not fetch data for GOOGL: HTTPSConnectionPool(host='query1.finance.yahoo.com', port=443): Max retries exceeded with url: /v1/test/getcrumb (Caused by NameResolutionError("<urllib3.connection.HTTPSConnection object at 0x109a216d0>: Failed to resolve 'query1.finance.yahoo.com' ([Errno 8] nodename nor servname provided, or not known)"))
2025-02-18 10:43:41,231 - WARNING - Could not fetch data for AMZN: HTTPSConnectionPool(host='query1.finance.yahoo.com', port=443): Max retries exceeded with url: /v1/test/getcrumb (Caused by NameResolutionError("<urllib3.connection.HTTPSConnection object at 0x109a21bd0>: Failed to resolve 'query1.finance.yahoo.com' ([Errno 8] nodename nor servname provided, or not known)"))
2025-02-18 10:43:41,235 - WARNING - Could not fetch data for AMTM: HTTPSConnectionPool(host='query1.finance.yahoo.com', port=443): Max retries exceeded with url: /v1/test/getcrumb (Caused by NameResolutionError("<urllib3.connection.HTTPSConnection object at 0x109a220d0>: Failed to resolve 'query1.finance.yahoo.com' ([Errno 8] nodename nor servname provided, or not known)"))
2025-02-18 10:43:41,239 - WARNING - Could not fetch data for ARCO: HTTPSConnectionPool(host='query1.finance.yahoo.com', port=443): Max retries exceeded with url: /v1/test/getcrumb (Caused by NameResolutionError("<urllib3.connection.HTTPSConnection object at 0x109a225d0>: Failed to resolve 'query1.finance.yahoo.com' ([Errno 8] nodename nor servname provided, or not known)"))
2025-02-18 10:43:41,242 - WARNING - Could not fetch data for ASTH: HTTPSConnectionPool(host='query1.finance.yahoo.com', port=443): Max retries exceeded with url: /v1/test/getcrumb (Caused by NameResolutionError("<urllib3.connection.HTTPSConnection object at 0x109a22ad0>: Failed to resolve 'query1.finance.yahoo.com' ([Errno 8] nodename nor servname provided, or not known)"))
2025-02-18 10:43:41,246 - WARNING - Could not fetch data for AXON: HTTPSConnectionPool(host='query1.finance.yahoo.com', port=443): Max retries exceeded with url: /v1/test/getcrumb (Caused by NameResolutionError("<urllib3.connection.HTTPSConnection object at 0x109a22fd0>: Failed to resolve 'query1.finance.yahoo.com' ([Errno 8] nodename nor servname provided, or not known)"))
2025-02-18 10:43:41,248 - WARNING - Could not fetch data for BDGI: HTTPSConnectionPool(host='query1.finance.yahoo.com', port=443): Max retries exceeded with url: /v1/test/getcrumb (Caused by NameResolutionError("<urllib3.connection.HTTPSConnection object at 0x109a234d0>: Failed to resolve 'query1.finance.yahoo.com' ([Errno 8] nodename nor servname provided, or not known)"))
2025-02-18 10:43:41,250 - WARNING - Could not fetch data for BILL: HTTPSConnectionPool(host='query1.finance.yahoo.com', port=443): Max retries exceeded with url: /v1/test/getcrumb (Caused by NameResolutionError("<urllib3.connection.HTTPSConnection object at 0x109a239d0>: Failed to resolve 'query1.finance.yahoo.com' ([Errno 8] nodename nor servname provided, or not known)"))
2025-02-18 10:43:41,254 - WARNING - Could not fetch data for BIIB: HTTPSConnectionPool(host='query1.finance.yahoo.com', port=443): Max retries exceeded with url: /v1/test/getcrumb (Caused by NameResolutionError("<urllib3.connection.HTTPSConnection object at 0x109a23ed0>: Failed to resolve 'query1.finance.yahoo.com' ([Errno 8] nodename nor servname provided, or not known)"))
2025-02-18 10:43:41,257 - WARNING - Could not fetch data for BRZE: HTTPSConnectionPool(host='query1.finance.yahoo.com', port=443): Max retries exceeded with url: /v1/test/getcrumb (Caused by NameResolutionError("<urllib3.connection.HTTPSConnection object at 0x109a64410>: Failed to resolve 'query1.finance.yahoo.com' ([Errno 8] nodename nor servname provided, or not known)"))
2025-02-18 10:43:41,261 - WARNING - Could not fetch data for BRNG: HTTPSConnectionPool(host='query1.finance.yahoo.com', port=443): Max retries exceeded with url: /v1/test/getcrumb (Caused by NameResolutionError("<urllib3.connection.HTTPSConnection object at 0x109a64910>: Failed to resolve 'query1.finance.yahoo.com' ([Errno 8] nodename nor servname provided, or not known)"))
2025-02-18 10:43:41,264 - WARNING - Could not fetch data for AVGO: HTTPSConnectionPool(host='query1.finance.yahoo.com', port=443): Max retries exceeded with url: /v1/test/getcrumb (Caused by NameResolutionError("<urllib3.connection.HTTPSConnection object at 0x109a64e10>: Failed to resolve 'query1.finance.yahoo.com' ([Errno 8] nodename nor servname provided, or not known)"))
2025-02-18 10:43:41,274 - WARNING - Could not fetch data for CLDX: HTTPSConnectionPool(host='query1.finance.yahoo.com', port=443): Max retries exceeded with url: /v1/test/getcrumb (Caused by NameResolutionError("<urllib3.connection.HTTPSConnection object at 0x109a65310>: Failed to resolve 'query1.finance.yahoo.com' ([Errno 8] nodename nor servname provided, or not known)"))
2025-02-18 10:43:41,277 - WARNING - Could not fetch data for CVE: HTTPSConnectionPool(host='query1.finance.yahoo.com', port=443): Max retries exceeded with url: /v1/test/getcrumb (Caused by NameResolutionError("<urllib3.connection.HTTPSConnection object at 0x109a23c50>: Failed to resolve 'query1.finance.yahoo.com' ([Errno 8] nodename nor servname provided, or not known)"))
2025-02-18 10:43:41,280 - WARNING - Could not fetch data for CG: HTTPSConnectionPool(host='query1.finance.yahoo.com', port=443): Max retries exceeded with url: /v1/test/getcrumb (Caused by NameResolutionError("<urllib3.connection.HTTPSConnection object at 0x109a23750>: Failed to resolve 'query1.finance.yahoo.com' ([Errno 8] nodename nor servname provided, or not known)"))
2025-02-18 10:43:41,283 - WARNING - Could not fetch data for CHMI: HTTPSConnectionPool(host='query1.finance.yahoo.com', port=443): Max retries exceeded with url: /v1/test/getcrumb (Caused by NameResolutionError("<urllib3.connection.HTTPSConnection object at 0x109a23250>: Failed to resolve 'query1.finance.yahoo.com' ([Errno 8] nodename nor servname provided, or not known)"))
2025-02-18 10:43:41,285 - WARNING - Could not fetch data for CIVI: HTTPSConnectionPool(host='query1.finance.yahoo.com', port=443): Max retries exceeded with url: /v1/test/getcrumb (Caused by NameResolutionError("<urllib3.connection.HTTPSConnection object at 0x109a22d50>: Failed to resolve 'query1.finance.yahoo.com' ([Errno 8] nodename nor servname provided, or not known)"))
2025-02-18 10:43:41,287 - WARNING - Could not fetch data for CMPS: HTTPSConnectionPool(host='query1.finance.yahoo.com', port=443): Max retries exceeded with url: /v1/test/getcrumb (Caused by NameResolutionError("<urllib3.connection.HTTPSConnection object at 0x109a22850>: Failed to resolve 'query1.finance.yahoo.com' ([Errno 8] nodename nor servname provided, or not known)"))
2025-02-18 10:43:41,290 - WARNING - Could not fetch data for STZ: HTTPSConnectionPool(host='query1.finance.yahoo.com', port=443): Max retries exceeded with url: /v1/test/getcrumb (Caused by NameResolutionError("<urllib3.connection.HTTPSConnection object at 0x109a22350>: Failed to resolve 'query1.finance.yahoo.com' ([Errno 8] nodename nor servname provided, or not known)"))
2025-02-18 10:43:41,293 - WARNING - Could not fetch data for COUR: HTTPSConnectionPool(host='query1.finance.yahoo.com', port=443): Max retries exceeded with url: /v1/test/getcrumb (Caused by NameResolutionError("<urllib3.connection.HTTPSConnection object at 0x109a21e50>: Failed to resolve 'query1.finance.yahoo.com' ([Errno 8] nodename nor servname provided, or not known)"))
2025-02-18 10:43:41,295 - WARNING - Could not fetch data for CURA: HTTPSConnectionPool(host='query1.finance.yahoo.com', port=443): Max retries exceeded with url: /v1/test/getcrumb (Caused by NameResolutionError("<urllib3.connection.HTTPSConnection object at 0x109a21950>: Failed to resolve 'query1.finance.yahoo.com' ([Errno 8] nodename nor servname provided, or not known)"))
2025-02-18 10:43:41,297 - WARNING - Could not fetch data for DHR: HTTPSConnectionPool(host='query1.finance.yahoo.com', port=443): Max retries exceeded with url: /v1/test/getcrumb (Caused by NameResolutionError("<urllib3.connection.HTTPSConnection object at 0x109a216d0>: Failed to resolve 'query1.finance.yahoo.com' ([Errno 8] nodename nor servname provided, or not known)"))
2025-02-18 10:43:41,301 - WARNING - Could not fetch data for DDOG: HTTPSConnectionPool(host='query1.finance.yahoo.com', port=443): Max retries exceeded with url: /v1/test/getcrumb (Caused by NameResolutionError("<urllib3.connection.HTTPSConnection object at 0x109a20e10>: Failed to resolve 'query1.finance.yahoo.com' ([Errno 8] nodename nor servname provided, or not known)"))
2025-02-18 10:43:41,303 - WARNING - Could not fetch data for DVN: HTTPSConnectionPool(host='query1.finance.yahoo.com', port=443): Max retries exceeded with url: /v1/test/getcrumb (Caused by NameResolutionError("<urllib3.connection.HTTPSConnection object at 0x109a20050>: Failed to resolve 'query1.finance.yahoo.com' ([Errno 8] nodename nor servname provided, or not known)"))
2025-02-18 10:43:41,308 - WARNING - Could not fetch data for DXCM: HTTPSConnectionPool(host='query1.finance.yahoo.com', port=443): Max retries exceeded with url: /v1/test/getcrumb (Caused by NameResolutionError("<urllib3.connection.HTTPSConnection object at 0x109a20b90>: Failed to resolve 'query1.finance.yahoo.com' ([Errno 8] nodename nor servname provided, or not known)"))
2025-02-18 10:43:41,310 - WARNING - Could not fetch data for DIRUN: HTTPSConnectionPool(host='query1.finance.yahoo.com', port=443): Max retries exceeded with url: /v1/test/getcrumb (Caused by NameResolutionError("<urllib3.connection.HTTPSConnection object at 0x1099b3610>: Failed to resolve 'query1.finance.yahoo.com' ([Errno 8] nodename nor servname provided, or not known)"))
2025-02-18 10:43:41,312 - WARNING - Could not fetch data for EVH: HTTPSConnectionPool(host='query1.finance.yahoo.com', port=443): Max retries exceeded with url: /v1/test/getcrumb (Caused by NameResolutionError("<urllib3.connection.HTTPSConnection object at 0x1099b2e90>: Failed to resolve 'query1.finance.yahoo.com' ([Errno 8] nodename nor servname provided, or not known)"))
2025-02-18 10:43:41,315 - WARNING - Could not fetch data for EIF: HTTPSConnectionPool(host='query1.finance.yahoo.com', port=443): Max retries exceeded with url: /v1/test/getcrumb (Caused by NameResolutionError("<urllib3.connection.HTTPSConnection object at 0x1099b2350>: Failed to resolve 'query1.finance.yahoo.com' ([Errno 8] nodename nor servname provided, or not known)"))
2025-02-18 10:43:41,317 - WARNING - Could not fetch data for FSLR: HTTPSConnectionPool(host='query1.finance.yahoo.com', port=443): Max retries exceeded with url: /v1/test/getcrumb (Caused by NameResolutionError("<urllib3.connection.HTTPSConnection object at 0x1099b3750>: Failed to resolve 'query1.finance.yahoo.com' ([Errno 8] nodename nor servname provided, or not known)"))
2025-02-18 10:43:41,320 - WARNING - Could not fetch data for G: HTTPSConnectionPool(host='query1.finance.yahoo.com', port=443): Max retries exceeded with url: /v1/test/getcrumb (Caused by NameResolutionError("<urllib3.connection.HTTPSConnection object at 0x1099b2c10>: Failed to resolve 'query1.finance.yahoo.com' ([Errno 8] nodename nor servname provided, or not known)"))
2025-02-18 10:43:41,326 - WARNING - Could not fetch data for HAL: HTTPSConnectionPool(host='query1.finance.yahoo.com', port=443): Max retries exceeded with url: /v1/test/getcrumb (Caused by NameResolutionError("<urllib3.connection.HTTPSConnection object at 0x109a64f50>: Failed to resolve 'query1.finance.yahoo.com' ([Errno 8] nodename nor servname provided, or not known)"))
2025-02-18 10:43:41,329 - WARNING - Could not fetch data for HQY: HTTPSConnectionPool(host='query1.finance.yahoo.com', port=443): Max retries exceeded with url: /v1/test/getcrumb (Caused by NameResolutionError("<urllib3.connection.HTTPSConnection object at 0x1099b3110>: Failed to resolve 'query1.finance.yahoo.com' ([Errno 8] nodename nor servname provided, or not known)"))
2025-02-18 10:43:41,331 - WARNING - Could not fetch data for HBM: HTTPSConnectionPool(host='query1.finance.yahoo.com', port=443): Max retries exceeded with url: /v1/test/getcrumb (Caused by NameResolutionError("<urllib3.connection.HTTPSConnection object at 0x1099b3c50>: Failed to resolve 'query1.finance.yahoo.com' ([Errno 8] nodename nor servname provided, or not known)"))
2025-02-18 10:43:41,336 - WARNING - Could not fetch data for IDYA: HTTPSConnectionPool(host='query1.finance.yahoo.com', port=443): Max retries exceeded with url: /v1/test/getcrumb (Caused by NameResolutionError("<urllib3.connection.HTTPSConnection object at 0x1099b2210>: Failed to resolve 'query1.finance.yahoo.com' ([Errno 8] nodename nor servname provided, or not known)"))
2025-02-18 10:43:41,339 - WARNING - Could not fetch data for IMCR: HTTPSConnectionPool(host='query1.finance.yahoo.com', port=443): Max retries exceeded with url: /v1/test/getcrumb (Caused by NameResolutionError("<urllib3.connection.HTTPSConnection object at 0x1099b2710>: Failed to resolve 'query1.finance.yahoo.com' ([Errno 8] nodename nor servname provided, or not known)"))
2025-02-18 10:43:41,342 - WARNING - Could not fetch data for IMVT: HTTPSConnectionPool(host='query1.finance.yahoo.com', port=443): Max retries exceeded with url: /v1/test/getcrumb (Caused by NameResolutionError("<urllib3.connection.HTTPSConnection object at 0x1099b3390>: Failed to resolve 'query1.finance.yahoo.com' ([Errno 8] nodename nor servname provided, or not known)"))
2025-02-18 10:43:41,345 - WARNING - Could not fetch data for INSW: HTTPSConnectionPool(host='query1.finance.yahoo.com', port=443): Max retries exceeded with url: /v1/test/getcrumb (Caused by NameResolutionError("<urllib3.connection.HTTPSConnection object at 0x109a20a50>: Failed to resolve 'query1.finance.yahoo.com' ([Errno 8] nodename nor servname provided, or not known)"))
2025-02-18 10:43:41,348 - WARNING - Could not fetch data for EMV: HTTPSConnectionPool(host='query1.finance.yahoo.com', port=443): Max retries exceeded with url: /v1/test/getcrumb (Caused by NameResolutionError("<urllib3.connection.HTTPSConnection object at 0x109a21090>: Failed to resolve 'query1.finance.yahoo.com' ([Errno 8] nodename nor servname provided, or not known)"))
2025-02-18 10:43:41,365 - WARNING - Could not fetch data for AGED: HTTPSConnectionPool(host='query1.finance.yahoo.com', port=443): Max retries exceeded with url: /v1/test/getcrumb (Caused by NameResolutionError("<urllib3.connection.HTTPSConnection object at 0x109a211d0>: Failed to resolve 'query1.finance.yahoo.com' ([Errno 8] nodename nor servname provided, or not known)"))
2025-02-18 10:43:41,367 - WARNING - Could not fetch data for IWDA: HTTPSConnectionPool(host='query1.finance.yahoo.com', port=443): Max retries exceeded with url: /v1/test/getcrumb (Caused by NameResolutionError("<urllib3.connection.HTTPSConnection object at 0x1099b2c10>: Failed to resolve 'query1.finance.yahoo.com' ([Errno 8] nodename nor servname provided, or not known)"))
2025-02-18 10:43:41,369 - WARNING - Could not fetch data for KNT: HTTPSConnectionPool(host='query1.finance.yahoo.com', port=443): Max retries exceeded with url: /v1/test/getcrumb (Caused by NameResolutionError("<urllib3.connection.HTTPSConnection object at 0x109a21a90>: Failed to resolve 'query1.finance.yahoo.com' ([Errno 8] nodename nor servname provided, or not known)"))
2025-02-18 10:43:41,371 - WARNING - Could not fetch data for LW: HTTPSConnectionPool(host='query1.finance.yahoo.com', port=443): Max retries exceeded with url: /v1/test/getcrumb (Caused by NameResolutionError("<urllib3.connection.HTTPSConnection object at 0x109a21f90>: Failed to resolve 'query1.finance.yahoo.com' ([Errno 8] nodename nor servname provided, or not known)"))
2025-02-18 10:43:41,372 - WARNING - Could not fetch data for LVO: HTTPSConnectionPool(host='query1.finance.yahoo.com', port=443): Max retries exceeded with url: /v1/test/getcrumb (Caused by NameResolutionError("<urllib3.connection.HTTPSConnection object at 0x109a22490>: Failed to resolve 'query1.finance.yahoo.com' ([Errno 8] nodename nor servname provided, or not known)"))
2025-02-18 10:43:41,373 - WARNING - Could not fetch data for LKQ: HTTPSConnectionPool(host='query1.finance.yahoo.com', port=443): Max retries exceeded with url: /v1/test/getcrumb (Caused by NameResolutionError("<urllib3.connection.HTTPSConnection object at 0x109a22990>: Failed to resolve 'query1.finance.yahoo.com' ([Errno 8] nodename nor servname provided, or not known)"))
2025-02-18 10:43:41,374 - WARNING - Could not fetch data for MRVL: HTTPSConnectionPool(host='query1.finance.yahoo.com', port=443): Max retries exceeded with url: /v1/test/getcrumb (Caused by NameResolutionError("<urllib3.connection.HTTPSConnection object at 0x109a22e90>: Failed to resolve 'query1.finance.yahoo.com' ([Errno 8] nodename nor servname provided, or not known)"))
2025-02-18 10:43:41,375 - WARNING - Could not fetch data for MA: HTTPSConnectionPool(host='query1.finance.yahoo.com', port=443): Max retries exceeded with url: /v1/test/getcrumb (Caused by NameResolutionError("<urllib3.connection.HTTPSConnection object at 0x109a23390>: Failed to resolve 'query1.finance.yahoo.com' ([Errno 8] nodename nor servname provided, or not known)"))
2025-02-18 10:43:41,375 - WARNING - Could not fetch data for META: HTTPSConnectionPool(host='query1.finance.yahoo.com', port=443): Max retries exceeded with url: /v1/test/getcrumb (Caused by NameResolutionError("<urllib3.connection.HTTPSConnection object at 0x109a23890>: Failed to resolve 'query1.finance.yahoo.com' ([Errno 8] nodename nor servname provided, or not known)"))
2025-02-18 10:43:41,376 - WARNING - Could not fetch data for MU: HTTPSConnectionPool(host='query1.finance.yahoo.com', port=443): Max retries exceeded with url: /v1/test/getcrumb (Caused by NameResolutionError("<urllib3.connection.HTTPSConnection object at 0x109a23d90>: Failed to resolve 'query1.finance.yahoo.com' ([Errno 8] nodename nor servname provided, or not known)"))
2025-02-18 10:43:41,377 - WARNING - Could not fetch data for MSFT: HTTPSConnectionPool(host='query1.finance.yahoo.com', port=443): Max retries exceeded with url: /v1/test/getcrumb (Caused by NameResolutionError("<urllib3.connection.HTTPSConnection object at 0x109a64b90>: Failed to resolve 'query1.finance.yahoo.com' ([Errno 8] nodename nor servname provided, or not known)"))
2025-02-18 10:43:41,379 - WARNING - Could not fetch data for MDXG: HTTPSConnectionPool(host='query1.finance.yahoo.com', port=443): Max retries exceeded with url: /v1/test/getcrumb (Caused by NameResolutionError("<urllib3.connection.HTTPSConnection object at 0x109a64a50>: Failed to resolve 'query1.finance.yahoo.com' ([Errno 8] nodename nor servname provided, or not known)"))
2025-02-18 10:43:41,379 - WARNING - Could not fetch data for MNMD: HTTPSConnectionPool(host='query1.finance.yahoo.com', port=443): Max retries exceeded with url: /v1/test/getcrumb (Caused by NameResolutionError("<urllib3.connection.HTTPSConnection object at 0x109a23d90>: Failed to resolve 'query1.finance.yahoo.com' ([Errno 8] nodename nor servname provided, or not known)"))
2025-02-18 10:43:41,381 - WARNING - Could not fetch data for MDLZ: HTTPSConnectionPool(host='query1.finance.yahoo.com', port=443): Max retries exceeded with url: /v1/test/getcrumb (Caused by NameResolutionError("<urllib3.connection.HTTPSConnection object at 0x109a239d0>: Failed to resolve 'query1.finance.yahoo.com' ([Errno 8] nodename nor servname provided, or not known)"))
2025-02-18 10:43:41,382 - WARNING - Could not fetch data for NVDA: HTTPSConnectionPool(host='query1.finance.yahoo.com', port=443): Max retries exceeded with url: /v1/test/getcrumb (Caused by NameResolutionError("<urllib3.connection.HTTPSConnection object at 0x109a234d0>: Failed to resolve 'query1.finance.yahoo.com' ([Errno 8] nodename nor servname provided, or not known)"))
2025-02-18 10:43:41,382 - WARNING - Could not fetch data for OGC: HTTPSConnectionPool(host='query1.finance.yahoo.com', port=443): Max retries exceeded with url: /v1/test/getcrumb (Caused by NameResolutionError("<urllib3.connection.HTTPSConnection object at 0x109a22fd0>: Failed to resolve 'query1.finance.yahoo.com' ([Errno 8] nodename nor servname provided, or not known)"))
2025-02-18 10:43:41,383 - WARNING - Could not fetch data for PACS: HTTPSConnectionPool(host='query1.finance.yahoo.com', port=443): Max retries exceeded with url: /v1/test/getcrumb (Caused by NameResolutionError("<urllib3.connection.HTTPSConnection object at 0x109a22ad0>: Failed to resolve 'query1.finance.yahoo.com' ([Errno 8] nodename nor servname provided, or not known)"))
2025-02-18 10:43:41,384 - WARNING - Could not fetch data for PFGC: HTTPSConnectionPool(host='query1.finance.yahoo.com', port=443): Max retries exceeded with url: /v1/test/getcrumb (Caused by NameResolutionError("<urllib3.connection.HTTPSConnection object at 0x109a225d0>: Failed to resolve 'query1.finance.yahoo.com' ([Errno 8] nodename nor servname provided, or not known)"))
2025-02-18 10:43:41,385 - WARNING - Could not fetch data for PRU: HTTPSConnectionPool(host='query1.finance.yahoo.com', port=443): Max retries exceeded with url: /v1/test/getcrumb (Caused by NameResolutionError("<urllib3.connection.HTTPSConnection object at 0x109a220d0>: Failed to resolve 'query1.finance.yahoo.com' ([Errno 8] nodename nor servname provided, or not known)"))
2025-02-18 10:43:41,386 - WARNING - Could not fetch data for RNO: HTTPSConnectionPool(host='query1.finance.yahoo.com', port=443): Max retries exceeded with url: /v1/test/getcrumb (Caused by NameResolutionError("<urllib3.connection.HTTPSConnection object at 0x109a21bd0>: Failed to resolve 'query1.finance.yahoo.com' ([Errno 8] nodename nor servname provided, or not known)"))
2025-02-18 10:43:41,387 - WARNING - Could not fetch data for RLX: HTTPSConnectionPool(host='query1.finance.yahoo.com', port=443): Max retries exceeded with url: /v1/test/getcrumb (Caused by NameResolutionError("<urllib3.connection.HTTPSConnection object at 0x109a216d0>: Failed to resolve 'query1.finance.yahoo.com' ([Errno 8] nodename nor servname provided, or not known)"))
2025-02-18 10:43:41,388 - WARNING - Could not fetch data for RCKT: HTTPSConnectionPool(host='query1.finance.yahoo.com', port=443): Max retries exceeded with url: /v1/test/getcrumb (Caused by NameResolutionError("<urllib3.connection.HTTPSConnection object at 0x109a20e10>: Failed to resolve 'query1.finance.yahoo.com' ([Errno 8] nodename nor servname provided, or not known)"))
2025-02-18 10:43:41,389 - WARNING - Could not fetch data for RCIB: HTTPSConnectionPool(host='query1.finance.yahoo.com', port=443): Max retries exceeded with url: /v1/test/getcrumb (Caused by NameResolutionError("<urllib3.connection.HTTPSConnection object at 0x109a20050>: Failed to resolve 'query1.finance.yahoo.com' ([Errno 8] nodename nor servname provided, or not known)"))
2025-02-18 10:43:41,390 - WARNING - Could not fetch data for RCI: HTTPSConnectionPool(host='query1.finance.yahoo.com', port=443): Max retries exceeded with url: /v1/test/getcrumb (Caused by NameResolutionError("<urllib3.connection.HTTPSConnection object at 0x109a20b90>: Failed to resolve 'query1.finance.yahoo.com' ([Errno 8] nodename nor servname provided, or not known)"))
2025-02-18 10:43:41,390 - WARNING - Could not fetch data for CRM: HTTPSConnectionPool(host='query1.finance.yahoo.com', port=443): Max retries exceeded with url: /v1/test/getcrumb (Caused by NameResolutionError("<urllib3.connection.HTTPSConnection object at 0x1099b3390>: Failed to resolve 'query1.finance.yahoo.com' ([Errno 8] nodename nor servname provided, or not known)"))
2025-02-18 10:43:41,391 - WARNING - Could not fetch data for SHOP: HTTPSConnectionPool(host='query1.finance.yahoo.com', port=443): Max retries exceeded with url: /v1/test/getcrumb (Caused by NameResolutionError("<urllib3.connection.HTTPSConnection object at 0x1099b2ad0>: Failed to resolve 'query1.finance.yahoo.com' ([Errno 8] nodename nor servname provided, or not known)"))
2025-02-18 10:43:41,392 - WARNING - Could not fetch data for SLP: HTTPSConnectionPool(host='query1.finance.yahoo.com', port=443): Max retries exceeded with url: /v1/test/getcrumb (Caused by NameResolutionError("<urllib3.connection.HTTPSConnection object at 0x1099b20d0>: Failed to resolve 'query1.finance.yahoo.com' ([Errno 8] nodename nor servname provided, or not known)"))
2025-02-18 10:43:41,393 - WARNING - Could not fetch data for SLB: HTTPSConnectionPool(host='query1.finance.yahoo.com', port=443): Max retries exceeded with url: /v1/test/getcrumb (Caused by NameResolutionError("<urllib3.connection.HTTPSConnection object at 0x1099b3890>: Failed to resolve 'query1.finance.yahoo.com' ([Errno 8] nodename nor servname provided, or not known)"))
2025-02-18 10:43:41,394 - WARNING - Could not fetch data for GPCR: HTTPSConnectionPool(host='query1.finance.yahoo.com', port=443): Max retries exceeded with url: /v1/test/getcrumb (Caused by NameResolutionError("<urllib3.connection.HTTPSConnection object at 0x1099b2d50>: Failed to resolve 'query1.finance.yahoo.com' ([Errno 8] nodename nor servname provided, or not known)"))
2025-02-18 10:43:41,395 - WARNING - Could not fetch data for SMCI: HTTPSConnectionPool(host='query1.finance.yahoo.com', port=443): Max retries exceeded with url: /v1/test/getcrumb (Caused by NameResolutionError("<urllib3.connection.HTTPSConnection object at 0x109a651d0>: Failed to resolve 'query1.finance.yahoo.com' ([Errno 8] nodename nor servname provided, or not known)"))
2025-02-18 10:43:41,397 - WARNING - Could not fetch data for SPB: HTTPSConnectionPool(host='query1.finance.yahoo.com', port=443): Max retries exceeded with url: /v1/test/getcrumb (Caused by NameResolutionError("<urllib3.connection.HTTPSConnection object at 0x1099b2d50>: Failed to resolve 'query1.finance.yahoo.com' ([Errno 8] nodename nor servname provided, or not known)"))
2025-02-18 10:43:41,398 - WARNING - Could not fetch data for SNDX: HTTPSConnectionPool(host='query1.finance.yahoo.com', port=443): Max retries exceeded with url: /v1/test/getcrumb (Caused by NameResolutionError("<urllib3.connection.HTTPSConnection object at 0x1099b3750>: Failed to resolve 'query1.finance.yahoo.com' ([Errno 8] nodename nor servname provided, or not known)"))
2025-02-18 10:43:41,399 - WARNING - Could not fetch data for TNC: HTTPSConnectionPool(host='query1.finance.yahoo.com', port=443): Max retries exceeded with url: /v1/test/getcrumb (Caused by NameResolutionError("<urllib3.connection.HTTPSConnection object at 0x1099b2350>: Failed to resolve 'query1.finance.yahoo.com' ([Errno 8] nodename nor servname provided, or not known)"))
2025-02-18 10:43:41,400 - WARNING - Could not fetch data for TX: HTTPSConnectionPool(host='query1.finance.yahoo.com', port=443): Max retries exceeded with url: /v1/test/getcrumb (Caused by NameResolutionError("<urllib3.connection.HTTPSConnection object at 0x1099b2e90>: Failed to resolve 'query1.finance.yahoo.com' ([Errno 8] nodename nor servname provided, or not known)"))
2025-02-18 10:43:41,400 - WARNING - Could not fetch data for TSLA: HTTPSConnectionPool(host='query1.finance.yahoo.com', port=443): Max retries exceeded with url: /v1/test/getcrumb (Caused by NameResolutionError("<urllib3.connection.HTTPSConnection object at 0x1099b3610>: Failed to resolve 'query1.finance.yahoo.com' ([Errno 8] nodename nor servname provided, or not known)"))
2025-02-18 10:43:41,401 - WARNING - Could not fetch data for TCOM: HTTPSConnectionPool(host='query1.finance.yahoo.com', port=443): Max retries exceeded with url: /v1/test/getcrumb (Caused by NameResolutionError("<urllib3.connection.HTTPSConnection object at 0x109a20690>: Failed to resolve 'query1.finance.yahoo.com' ([Errno 8] nodename nor servname provided, or not known)"))
2025-02-18 10:43:41,402 - WARNING - Could not fetch data for TSU: HTTPSConnectionPool(host='query1.finance.yahoo.com', port=443): Max retries exceeded with url: /v1/test/getcrumb (Caused by NameResolutionError("<urllib3.connection.HTTPSConnection object at 0x109a20190>: Failed to resolve 'query1.finance.yahoo.com' ([Errno 8] nodename nor servname provided, or not known)"))
2025-02-18 10:43:41,403 - WARNING - Could not fetch data for TRVG: HTTPSConnectionPool(host='query1.finance.yahoo.com', port=443): Max retries exceeded with url: /v1/test/getcrumb (Caused by NameResolutionError("<urllib3.connection.HTTPSConnection object at 0x109a20f50>: Failed to resolve 'query1.finance.yahoo.com' ([Errno 8] nodename nor servname provided, or not known)"))
2025-02-18 10:43:41,404 - WARNING - Could not fetch data for TWLO: HTTPSConnectionPool(host='query1.finance.yahoo.com', port=443): Max retries exceeded with url: /v1/test/getcrumb (Caused by NameResolutionError("<urllib3.connection.HTTPSConnection object at 0x109a21810>: Failed to resolve 'query1.finance.yahoo.com' ([Errno 8] nodename nor servname provided, or not known)"))
2025-02-18 10:43:41,405 - WARNING - Could not fetch data for UBER: HTTPSConnectionPool(host='query1.finance.yahoo.com', port=443): Max retries exceeded with url: /v1/test/getcrumb (Caused by NameResolutionError("<urllib3.connection.HTTPSConnection object at 0x109a21450>: Failed to resolve 'query1.finance.yahoo.com' ([Errno 8] nodename nor servname provided, or not known)"))
2025-02-18 10:43:41,406 - WARNING - Could not fetch data for UAL: HTTPSConnectionPool(host='query1.finance.yahoo.com', port=443): Max retries exceeded with url: /v1/test/getcrumb (Caused by NameResolutionError("<urllib3.connection.HTTPSConnection object at 0x109a21d10>: Failed to resolve 'query1.finance.yahoo.com' ([Errno 8] nodename nor servname provided, or not known)"))
2025-02-18 10:43:41,407 - WARNING - Could not fetch data for UPWK: HTTPSConnectionPool(host='query1.finance.yahoo.com', port=443): Max retries exceeded with url: /v1/test/getcrumb (Caused by NameResolutionError("<urllib3.connection.HTTPSConnection object at 0x109a22210>: Failed to resolve 'query1.finance.yahoo.com' ([Errno 8] nodename nor servname provided, or not known)"))
2025-02-18 10:43:41,407 - WARNING - Could not fetch data for UTZ: HTTPSConnectionPool(host='query1.finance.yahoo.com', port=443): Max retries exceeded with url: /v1/test/getcrumb (Caused by NameResolutionError("<urllib3.connection.HTTPSConnection object at 0x109a22710>: Failed to resolve 'query1.finance.yahoo.com' ([Errno 8] nodename nor servname provided, or not known)"))
2025-02-18 10:43:41,408 - WARNING - Could not fetch data for WELL: HTTPSConnectionPool(host='query1.finance.yahoo.com', port=443): Max retries exceeded with url: /v1/test/getcrumb (Caused by NameResolutionError("<urllib3.connection.HTTPSConnection object at 0x109a22c10>: Failed to resolve 'query1.finance.yahoo.com' ([Errno 8] nodename nor servname provided, or not known)"))
2025-02-18 10:43:41,409 - WARNING - Could not fetch data for WCP: HTTPSConnectionPool(host='query1.finance.yahoo.com', port=443): Max retries exceeded with url: /v1/test/getcrumb (Caused by NameResolutionError("<urllib3.connection.HTTPSConnection object at 0x109a23110>: Failed to resolve 'query1.finance.yahoo.com' ([Errno 8] nodename nor servname provided, or not known)"))
2025-02-18 10:43:41,410 - WARNING - Could not fetch data for XPO: HTTPSConnectionPool(host='query1.finance.yahoo.com', port=443): Max retries exceeded with url: /v1/test/getcrumb (Caused by NameResolutionError("<urllib3.connection.HTTPSConnection object at 0x109a23610>: Failed to resolve 'query1.finance.yahoo.com' ([Errno 8] nodename nor servname provided, or not known)"))
2025-02-18 10:43:41,415 - INFO - 
Market Data Summary:
2025-02-18 10:43:41,415 - INFO - Total companies: 86
2025-02-18 10:43:41,415 - INFO - Companies with analyst data: 0
2025-02-18 10:43:41,415 - INFO - Companies without data: 86
2025-02-18 10:43:41,415 - INFO - 
Results saved to: results/market_data_20250218_104341.csv
2025-02-18 10:43:41,415 - INFO - Archive directory: results/archive/market

2025-02-18 10:43:41,496 - INFO - Completed scripts/b_collect_market.py in 2.0 seconds
2025-02-18 10:43:42,502 - INFO - 
Executing scripts/c_bayesian_model.py...
2025-02-18 10:43:45,794 - ERROR - Traceback (most recent call last):
  File "/Users/davideconsiglio/Library/Mobile Documents/com~apple~CloudDocs/Portfolio tracker/sentiment_analysis/venv/lib/python3.13/site-packages/aesara/configparser.py", line 237, in fetch_val_for_key
    return self._aesara_cfg.get(section, option)
           ~~~~~~~~~~~~~~~~~~~~^^^^^^^^^^^^^^^^^
  File "/opt/homebrew/Cellar/python@3.13/3.13.2/Frameworks/Python.framework/Versions/3.13/lib/python3.13/configparser.py", line 810, in get
    d = self._unify_values(section, vars)
  File "/opt/homebrew/Cellar/python@3.13/3.13.2/Frameworks/Python.framework/Versions/3.13/lib/python3.13/configparser.py", line 1184, in _unify_values
    raise NoSectionError(section) from None
configparser.NoSectionError: No section: 'blas'

During handling of the above exception, another exception occurred:

Traceback (most recent call last):
  File "/Users/davideconsiglio/Library/Mobile Documents/com~apple~CloudDocs/Portfolio tracker/sentiment_analysis/venv/lib/python3.13/site-packages/aesara/configparser.py", line 353, in __get__
    val_str = cls.fetch_val_for_key(self.name, delete_key=delete_key)
  File "/Users/davideconsiglio/Library/Mobile Documents/com~apple~CloudDocs/Portfolio tracker/sentiment_analysis/venv/lib/python3.13/site-packages/aesara/configparser.py", line 241, in fetch_val_for_key
    raise KeyError(key)
KeyError: 'blas__ldflags'

During handling of the above exception, another exception occurred:

Traceback (most recent call last):
  File "/Users/davideconsiglio/Library/Mobile Documents/com~apple~CloudDocs/Portfolio tracker/sentiment_analysis/scripts/c_bayesian_model.py", line 17, in <module>
    import pymc as pm
  File "/Users/davideconsiglio/Library/Mobile Documents/com~apple~CloudDocs/Portfolio tracker/sentiment_analysis/venv/lib/python3.13/site-packages/pymc/__init__.py", line 47, in <module>
    __set_compiler_flags()
    ~~~~~~~~~~~~~~~~~~~~^^
  File "/Users/davideconsiglio/Library/Mobile Documents/com~apple~CloudDocs/Portfolio tracker/sentiment_analysis/venv/lib/python3.13/site-packages/pymc/__init__.py", line 30, in __set_compiler_flags
    import aesara
  File "/Users/davideconsiglio/Library/Mobile Documents/com~apple~CloudDocs/Portfolio tracker/sentiment_analysis/venv/lib/python3.13/site-packages/aesara/__init__.py", line 120, in <module>
    from aesara import scalar, tensor
  File "/Users/davideconsiglio/Library/Mobile Documents/com~apple~CloudDocs/Portfolio tracker/sentiment_analysis/venv/lib/python3.13/site-packages/aesara/tensor/__init__.py", line 105, in <module>
    from aesara.tensor import (  # noqa
    ...<5 lines>...
    )
  File "/Users/davideconsiglio/Library/Mobile Documents/com~apple~CloudDocs/Portfolio tracker/sentiment_analysis/venv/lib/python3.13/site-packages/aesara/tensor/blas.py", line 162, in <module>
    from aesara.tensor.blas_headers import blas_header_text, blas_header_version
  File "/Users/davideconsiglio/Library/Mobile Documents/com~apple~CloudDocs/Portfolio tracker/sentiment_analysis/venv/lib/python3.13/site-packages/aesara/tensor/blas_headers.py", line 1015, in <module>
    if not config.blas__ldflags:
           ^^^^^^^^^^^^^^^^^^^^
  File "/Users/davideconsiglio/Library/Mobile Documents/com~apple~CloudDocs/Portfolio tracker/sentiment_analysis/venv/lib/python3.13/site-packages/aesara/configparser.py", line 357, in __get__
    val_str = self.default()
  File "/Users/davideconsiglio/Library/Mobile Documents/com~apple~CloudDocs/Portfolio tracker/sentiment_analysis/venv/lib/python3.13/site-packages/aesara/link/c/cmodule.py", line 2711, in default_blas_ldflags
    blas_info = np.__config__.get_info("blas_opt")
                ^^^^^^^^^^^^^^^^^^^^^^
AttributeError: module 'numpy.__config__' has no attribute 'get_info'

2025-02-18 10:43:45,795 - INFO - Completed scripts/c_bayesian_model.py in 3.3 seconds
2025-02-18 10:43:46,799 - INFO - 
Executing scripts/d_consolidate_data.py...
2025-02-18 10:43:47,197 - INFO - 
Starting data consolidation...

Data consolidation complete!

2025-02-18 10:43:47,197 - ERROR - 2025-02-18 10:43:47,145 - INFO - 
Data Consolidation Summary:
2025-02-18 10:43:47,145 - INFO - Total companies: 86
2025-02-18 10:43:47,146 - INFO - Companies with complete data: 0
2025-02-18 10:43:47,146 - INFO - 
Results saved to: results/master_output_20250218_104347.csv
2025-02-18 10:43:47,146 - INFO - Archive directory: results/archive/master

2025-02-18 10:43:47,197 - INFO - Completed scripts/d_consolidate_data.py in 0.4 seconds
2025-02-18 10:43:48,202 - INFO - 
Executing scripts/e_generate_dashboard.py...
2025-02-18 10:43:49,340 - INFO - 
Starting dashboard generation...

Dashboard generation complete!

2025-02-18 10:43:49,340 - ERROR - /Users/davideconsiglio/Library/Mobile Documents/com~apple~CloudDocs/Portfolio tracker/sentiment_analysis/scripts/e_generate_dashboard.py:339: SyntaxWarning: invalid escape sequence '\.'
  html_template += """
2025-02-18 10:43:49,159 - INFO - Loaded master data with 86 rows
2025-02-18 10:43:49,159 - INFO - Columns: ticker, company, date_range, total_articles, average_sentiment, sentiment_std, last_week_sentiment, last_month_sentiment, positive_ratio, negative_ratio, latest_update, current_price, target_median, target_mean, target_low, target_high, num_analysts, recommendation, potential_return, week_return, volume, avg_volume, market_cap, beta, timestamp, data_version
2025-02-18 10:43:49,297 - INFO - 
Dashboard generated and opened: results/market_report_20250218_104349.html
2025-02-18 10:43:49,297 - INFO - Archive directory: results/archive/reports

2025-02-18 10:43:49,340 - INFO - Completed scripts/e_generate_dashboard.py in 1.1 seconds
2025-02-18 10:43:50,347 - INFO - 
=== Workflow Summary ===
2025-02-18 10:43:50,347 - INFO - 
Execution Results:
2025-02-18 10:43:50,348 - INFO - +-------------------------+----------+------------+
| Module                  | Status   | Duration   |
+=========================+==========+============+
| a_collect_sentiment.py  |         | 535.9s     |
+-------------------------+----------+------------+
| b_collect_market.py     |         | 2.0s       |
+-------------------------+----------+------------+
| c_bayesian_model.py     |         | 3.3s       |
+-------------------------+----------+------------+
| d_consolidate_data.py   |         | 0.4s       |
+-------------------------+----------+------------+
| e_generate_dashboard.py |         | 1.1s       |
+-------------------------+----------+------------+
| Total                   |          | 547.8s     |
+-------------------------+----------+------------+
